<?xml version="1.0" encoding="UTF-8"?>
<!-- Generated by org.testng.reporters.JUnitXMLReporter -->
<testsuite ignored="4" hostname="DESKTOP-B9DS4VV" failures="0" tests="2" name="Default test" time="32.368" errors="0" timestamp="2025-10-05T15:03:02 IST">
  <testcase classname="com.parabank.tests.BillPayTests" name="paymentHistory" time="9.376"/>
  <testcase classname="com.parabank.tests.BillPayTests" name="paymentHistory" time="8.142"/>
  <testcase classname="com.parabank.tests.BillPayTests" name="billPayRequiredFieldValidation" time="0.0">
    <ignored/>
  </testcase> <!-- billPayRequiredFieldValidation -->
  <testcase classname="com.parabank.tests.BillPayTests" name="billPayConfirmationIncludesPayeeName" time="0.0">
    <ignored/>
  </testcase> <!-- billPayConfirmationIncludesPayeeName -->
  <testcase classname="com.parabank.tests.BillPayTests" name="billPayScenarios" time="0.0">
    <ignored/>
  </testcase> <!-- billPayScenarios -->
  <testcase classname="com.parabank.tests.BillPayTests" name="billPayInvalidAmount" time="0.0">
    <ignored/>
  </testcase> <!-- billPayInvalidAmount -->
</testsuite> <!-- Default test -->
