<?xml version="1.0" encoding="UTF-8"?>
<testng-results ignored="4" total="6" passed="2" failed="0" skipped="0">
  <reporter-output>
  </reporter-output>
  <suite started-at="2025-10-05T15:02:29 IST" name="Default suite" finished-at="2025-10-05T15:03:02 IST" duration-ms="32368">
    <groups>
    </groups>
    <test started-at="2025-10-05T15:02:29 IST" name="Default test" finished-at="2025-10-05T15:03:02 IST" duration-ms="32368">
      <class name="com.parabank.tests.BillPayTests">
        <test-method is-config="true" signature="setUp(java.lang.String)[pri:0, instance:com.parabank.tests.BillPayTests@367ffa75]" started-at="2025-10-05T15:02:32 IST" name="setUp" finished-at="2025-10-05T15:02:39 IST" duration-ms="7680" status="PASS">
          <params>
            <param index="0">
              <value>
                <![CDATA[]]>
              </value>
            </param>
          </params>
          <reporter-output>
          </reporter-output>
        </test-method> <!-- setUp -->
        <test-method signature="paymentHistory(java.lang.String,java.lang.String,java.lang.String)[pri:2, instance:com.parabank.tests.BillPayTests@367ffa75]" started-at="2025-10-05T15:02:39 IST" name="paymentHistory" data-provider="findTransactionsData" finished-at="2025-10-05T15:02:49 IST" duration-ms="9376" status="PASS">
          <params>
            <param index="0">
              <value>
                <![CDATA[john]]>
              </value>
            </param>
            <param index="1">
              <value>
                <![CDATA[demo]]>
              </value>
            </param>
            <param index="2">
              <value>
                <![CDATA[7.50]]>
              </value>
            </param>
          </params>
          <reporter-output>
          </reporter-output>
        </test-method> <!-- paymentHistory -->
        <test-method is-config="true" signature="tearDown()[pri:0, instance:com.parabank.tests.BillPayTests@367ffa75]" started-at="2025-10-05T15:02:49 IST" name="tearDown" finished-at="2025-10-05T15:02:49 IST" duration-ms="683" status="PASS">
          <reporter-output>
          </reporter-output>
        </test-method> <!-- tearDown -->
        <test-method is-config="true" signature="setUp(java.lang.String)[pri:0, instance:com.parabank.tests.BillPayTests@367ffa75]" started-at="2025-10-05T15:02:49 IST" name="setUp" finished-at="2025-10-05T15:02:53 IST" duration-ms="3794" status="PASS">
          <params>
            <param index="0">
              <value>
                <![CDATA[]]>
              </value>
            </param>
          </params>
          <reporter-output>
          </reporter-output>
        </test-method> <!-- setUp -->
        <test-method signature="paymentHistory(java.lang.String,java.lang.String,java.lang.String)[pri:2, instance:com.parabank.tests.BillPayTests@367ffa75]" started-at="2025-10-05T15:02:53 IST" name="paymentHistory" data-provider="findTransactionsData" finished-at="2025-10-05T15:03:01 IST" duration-ms="8142" status="PASS">
          <params>
            <param index="0">
              <value>
                <![CDATA[john]]>
              </value>
            </param>
            <param index="1">
              <value>
                <![CDATA[demo]]>
              </value>
            </param>
            <param index="2">
              <value>
                <![CDATA[5]]>
              </value>
            </param>
          </params>
          <reporter-output>
          </reporter-output>
        </test-method> <!-- paymentHistory -->
        <test-method is-config="true" signature="tearDown()[pri:0, instance:com.parabank.tests.BillPayTests@367ffa75]" started-at="2025-10-05T15:03:01 IST" name="tearDown" finished-at="2025-10-05T15:03:02 IST" duration-ms="455" status="PASS">
          <reporter-output>
          </reporter-output>
        </test-method> <!-- tearDown -->
      </class> <!-- com.parabank.tests.BillPayTests -->
    </test> <!-- Default test -->
  </suite> <!-- Default suite -->
</testng-results>
